<?xml version="1.0" encoding="UTF-8"?>
<!-- Generated by org.testng.reporters.JUnitReportReporter -->
<testsuite hostname="LP-JOR-BM-4553.local" failures="0" tests="2" name="RestAssuredTest" time="2.147" errors="0" timestamp="2023-08-06T19:27:34 EEST" skipped="0">
  <testcase classname="RestAssuredTest" name="getFaresCalender" time="0.514"/>
  <testcase classname="RestAssuredTest" name="currencyList" time="1.633"/>
</testsuite> <!-- RestAssuredTest -->
